This is pdfTeX, Version 3.14159265-2.6-1.40.18 (TeX Live 2017) (preloaded format=pdflatex 2017.10.10)  22 MAR 2018 20:29
entering extended mode
 restricted \write18 enabled.
 %&-line parsing enabled.
**hw3.tex
(./hw3.tex
LaTeX2e <2017-04-15>
Babel <3.10> and hyphenation patterns for 22 language(s) loaded.
(./template.tex
(/usr/local/texlive/2017basic/texmf-dist/tex/latex/base/article.cls
Document Class: article 2014/09/29 v1.4h Standard LaTeX document class
(/usr/local/texlive/2017basic/texmf-dist/tex/latex/base/size10.clo
File: size10.clo 2014/09/29 v1.4h Standard LaTeX file (size option)
)
\c@part=\count79
\c@section=\count80
\c@subsection=\count81
\c@subsubsection=\count82
\c@paragraph=\count83
\c@subparagraph=\count84
\c@figure=\count85
\c@table=\count86
\abovecaptionskip=\skip41
\belowcaptionskip=\skip42
\bibindent=\dimen102
)
(/usr/local/texlive/2017basic/texmf-dist/tex/latex/fancyhdr/fancyhdr.sty
Package: fancyhdr 2016/09/06 3.8 Extensive control of page headers and footers
\fancy@headwidth=\skip43
\f@ncyO@elh=\skip44
\f@ncyO@erh=\skip45
\f@ncyO@olh=\skip46
\f@ncyO@orh=\skip47
\f@ncyO@elf=\skip48
\f@ncyO@erf=\skip49
\f@ncyO@olf=\skip50
\f@ncyO@orf=\skip51
)
(/usr/local/texlive/2017basic/texmf-dist/tex/latex/lastpage/lastpage.sty
Package: lastpage 2015/03/29 v1.2m Refers to last page's name (HMM; JPG)
)
(/usr/local/texlive/2017basic/texmf-dist/tex/latex/fancyhdr/extramarks.sty
Package: extramarks 2016/08/27 2.1 Extra marks
\@temptokenb=\toks14
)
(/usr/local/texlive/2017basic/texmf-dist/tex/latex/graphics/color.sty
Package: color 2016/07/10 v1.1e Standard LaTeX Color (DPC)

(/usr/local/texlive/2017basic/texmf-dist/tex/latex/graphics-cfg/color.cfg
File: color.cfg 2016/01/02 v1.6 sample color configuration
)
Package color Info: Driver file: pdftex.def on input line 147.

(/usr/local/texlive/2017basic/texmf-dist/tex/latex/graphics-def/pdftex.def
File: pdftex.def 2017/01/12 v0.06k Graphics/color for pdfTeX

(/usr/local/texlive/2017basic/texmf-dist/tex/generic/oberdiek/infwarerr.sty
Package: infwarerr 2016/05/16 v1.4 Providing info/warning/error messages (HO)
)
(/usr/local/texlive/2017basic/texmf-dist/tex/generic/oberdiek/ltxcmds.sty
Package: ltxcmds 2016/05/16 v1.23 LaTeX kernel commands for general use (HO)
)
\Gread@gobject=\count87
)
(/usr/local/texlive/2017basic/texmf-dist/tex/latex/graphics/dvipsnam.def
File: dvipsnam.def 2016/06/17 v3.0m Driver-dependent file (DPC,SPQR)
))
(/usr/local/texlive/2017basic/texmf-dist/tex/latex/graphics/graphicx.sty
Package: graphicx 2014/10/28 v1.0g Enhanced LaTeX Graphics (DPC,SPQR)

(/usr/local/texlive/2017basic/texmf-dist/tex/latex/graphics/keyval.sty
Package: keyval 2014/10/28 v1.15 key=value parser (DPC)
\KV@toks@=\toks15
)
(/usr/local/texlive/2017basic/texmf-dist/tex/latex/graphics/graphics.sty
Package: graphics 2017/04/14 v1.1b Standard LaTeX Graphics (DPC,SPQR)

(/usr/local/texlive/2017basic/texmf-dist/tex/latex/graphics/trig.sty
Package: trig 2016/01/03 v1.10 sin cos tan (DPC)
)
(/usr/local/texlive/2017basic/texmf-dist/tex/latex/graphics-cfg/graphics.cfg
File: graphics.cfg 2016/06/04 v1.11 sample graphics configuration
)
Package graphics Info: Driver file: pdftex.def on input line 99.
)
\Gin@req@height=\dimen103
\Gin@req@width=\dimen104
) (/usr/local/texlive/2017basic/texmf-dist/tex/latex/listings/listings.sty
\lst@mode=\count88
\lst@gtempboxa=\box26
\lst@token=\toks16
\lst@length=\count89
\lst@currlwidth=\dimen105
\lst@column=\count90
\lst@pos=\count91
\lst@lostspace=\dimen106
\lst@width=\dimen107
\lst@newlines=\count92
\lst@lineno=\count93
\lst@maxwidth=\dimen108

(/usr/local/texlive/2017basic/texmf-dist/tex/latex/listings/lstmisc.sty
File: lstmisc.sty 2015/06/04 1.6 (Carsten Heinz)
\c@lstnumber=\count94
\lst@skipnumbers=\count95
\lst@framebox=\box27
)
(/usr/local/texlive/2017basic/texmf-dist/tex/latex/listings/listings.cfg
File: listings.cfg 2015/06/04 1.6 listings configuration
))
Package: listings 2015/06/04 1.6 (Carsten Heinz)

(/usr/local/texlive/2017basic/texmf-dist/tex/latex/psnfss/courier.sty
Package: courier 2005/04/12 PSNFSS-v9.2a (WaS) 
)
(/usr/local/texlive/2017basic/texmf-dist/tex/latex/lipsum/lipsum.sty
Package: lipsum 2014/07/27 v1.3 150 paragraphs of Lorem Ipsum dummy text
\c@lips@count=\count96
)
(/usr/local/texlive/2017basic/texmf-dist/tex/latex/float/float.sty
Package: float 2001/11/08 v1.3d Float enhancements (AL)
\c@float@type=\count97
\float@exts=\toks17
\float@box=\box28
\@float@everytoks=\toks18
\@floatcapt=\box29
)
(/usr/local/texlive/2017basic/texmf-dist/tex/latex/amsfonts/amsfonts.sty
Package: amsfonts 2013/01/14 v3.01 Basic AMSFonts support
\@emptytoks=\toks19
\symAMSa=\mathgroup4
\symAMSb=\mathgroup5
LaTeX Font Info:    Overwriting math alphabet `\mathfrak' in version `bold'
(Font)                  U/euf/m/n --> U/euf/b/n on input line 106.
)
(/usr/local/texlive/2017basic/texmf-dist/tex/latex/amsmath/amsmath.sty
Package: amsmath 2016/11/05 v2.16a AMS math features
\@mathmargin=\skip52

For additional information on amsmath, use the `?' option.
(/usr/local/texlive/2017basic/texmf-dist/tex/latex/amsmath/amstext.sty
Package: amstext 2000/06/29 v2.01 AMS text

(/usr/local/texlive/2017basic/texmf-dist/tex/latex/amsmath/amsgen.sty
File: amsgen.sty 1999/11/30 v2.0 generic functions
\@emptytoks=\toks20
\ex@=\dimen109
))
(/usr/local/texlive/2017basic/texmf-dist/tex/latex/amsmath/amsbsy.sty
Package: amsbsy 1999/11/29 v1.2d Bold Symbols
\pmbraise@=\dimen110
)
(/usr/local/texlive/2017basic/texmf-dist/tex/latex/amsmath/amsopn.sty
Package: amsopn 2016/03/08 v2.02 operator names
)
\inf@bad=\count98
LaTeX Info: Redefining \frac on input line 213.
\uproot@=\count99
\leftroot@=\count100
LaTeX Info: Redefining \overline on input line 375.
\classnum@=\count101
\DOTSCASE@=\count102
LaTeX Info: Redefining \ldots on input line 472.
LaTeX Info: Redefining \dots on input line 475.
LaTeX Info: Redefining \cdots on input line 596.
\Mathstrutbox@=\box30
\strutbox@=\box31
\big@size=\dimen111
LaTeX Font Info:    Redeclaring font encoding OML on input line 712.
LaTeX Font Info:    Redeclaring font encoding OMS on input line 713.
\macc@depth=\count103
\c@MaxMatrixCols=\count104
\dotsspace@=\muskip10
\c@parentequation=\count105
\dspbrk@lvl=\count106
\tag@help=\toks21
\row@=\count107
\column@=\count108
\maxfields@=\count109
\andhelp@=\toks22
\eqnshift@=\dimen112
\alignsep@=\dimen113
\tagshift@=\dimen114
\tagwidth@=\dimen115
\totwidth@=\dimen116
\lineht@=\dimen117
\@envbody=\toks23
\multlinegap=\skip53
\multlinetaggap=\skip54
\mathdisplay@stack=\toks24
LaTeX Info: Redefining \[ on input line 2817.
LaTeX Info: Redefining \] on input line 2818.
)
(/usr/local/texlive/2017basic/texmf-dist/tex/latex/tools/bm.sty
Package: bm 2017/01/16 v1.2c Bold Symbol Support (DPC/FMi)
\symboldoperators=\mathgroup6
\symboldletters=\mathgroup7
\symboldsymbols=\mathgroup8
LaTeX Font Info:    Redeclaring math alphabet \mathbf on input line 141.
LaTeX Info: Redefining \bm on input line 207.
)
(/usr/local/texlive/2017basic/texmf-dist/tex/latex/listings/lstlang1.sty
File: lstlang1.sty 2015/06/04 1.6 listings language file
)
\c@homeworkProblemCounter=\count110
)
(./hw3.aux)
\openout1 = `hw3.aux'.

LaTeX Font Info:    Checking defaults for OML/cmm/m/it on input line 28.
LaTeX Font Info:    ... okay on input line 28.
LaTeX Font Info:    Checking defaults for T1/cmr/m/n on input line 28.
LaTeX Font Info:    ... okay on input line 28.
LaTeX Font Info:    Checking defaults for OT1/cmr/m/n on input line 28.
LaTeX Font Info:    ... okay on input line 28.
LaTeX Font Info:    Checking defaults for OMS/cmsy/m/n on input line 28.
LaTeX Font Info:    ... okay on input line 28.
LaTeX Font Info:    Checking defaults for OMX/cmex/m/n on input line 28.
LaTeX Font Info:    ... okay on input line 28.
LaTeX Font Info:    Checking defaults for U/cmr/m/n on input line 28.
LaTeX Font Info:    ... okay on input line 28.
Package lastpage Info: Please have a look at the pageslts package at
(lastpage)             https://www.ctan.org/pkg/pageslts
(lastpage)             ! on input line 28.

(/usr/local/texlive/2017basic/texmf-dist/tex/context/base/mkii/supp-pdf.mkii
[Loading MPS to PDF converter (version 2006.09.02).]
\scratchcounter=\count111
\scratchdimen=\dimen118
\scratchbox=\box32
\nofMPsegments=\count112
\nofMParguments=\count113
\everyMPshowfont=\toks25
\MPscratchCnt=\count114
\MPscratchDim=\dimen119
\MPnumerator=\count115
\makeMPintoPDFobject=\count116
\everyMPtoPDFconversion=\toks26
) (/usr/local/texlive/2017basic/texmf-dist/tex/generic/oberdiek/pdftexcmds.sty
Package: pdftexcmds 2017/03/19 v0.25 Utility functions of pdfTeX for LuaTeX (HO
)

(/usr/local/texlive/2017basic/texmf-dist/tex/generic/oberdiek/ifluatex.sty
Package: ifluatex 2016/05/16 v1.4 Provides the ifluatex switch (HO)
Package ifluatex Info: LuaTeX not detected.
)
(/usr/local/texlive/2017basic/texmf-dist/tex/generic/oberdiek/ifpdf.sty
Package: ifpdf 2017/03/15 v3.2 Provides the ifpdf switch
)
Package pdftexcmds Info: LuaTeX not detected.
Package pdftexcmds Info: \pdf@primitive is available.
Package pdftexcmds Info: \pdf@ifprimitive is available.
Package pdftexcmds Info: \pdfdraftmode found.
)
(/usr/local/texlive/2017basic/texmf-dist/tex/latex/oberdiek/epstopdf-base.sty
Package: epstopdf-base 2016/05/15 v2.6 Base part for package epstopdf

(/usr/local/texlive/2017basic/texmf-dist/tex/latex/oberdiek/grfext.sty
Package: grfext 2016/05/16 v1.2 Manage graphics extensions (HO)

(/usr/local/texlive/2017basic/texmf-dist/tex/generic/oberdiek/kvdefinekeys.sty
Package: kvdefinekeys 2016/05/16 v1.4 Define keys (HO)
)) (/usr/local/texlive/2017basic/texmf-dist/tex/latex/oberdiek/kvoptions.sty
Package: kvoptions 2016/05/16 v3.12 Key value format for package options (HO)

(/usr/local/texlive/2017basic/texmf-dist/tex/generic/oberdiek/kvsetkeys.sty
Package: kvsetkeys 2016/05/16 v1.17 Key value parser (HO)

(/usr/local/texlive/2017basic/texmf-dist/tex/generic/oberdiek/etexcmds.sty
Package: etexcmds 2016/05/16 v1.6 Avoid name clashes with e-TeX commands (HO)
Package etexcmds Info: Could not find \expanded.
(etexcmds)             That can mean that you are not using pdfTeX 1.50 or
(etexcmds)             that some package has redefined \expanded.
(etexcmds)             In the latter case, load this package earlier.
)))
Package epstopdf-base Info: Redefining graphics rule for `.eps' on input line 4
38.
Package grfext Info: Graphics extension search list:
(grfext)             [.png,.pdf,.jpg,.mps,.jpeg,.jbig2,.jb2,.PNG,.PDF,.JPG,.JPE
G,.JBIG2,.JB2,.eps]
(grfext)             \AppendGraphicsExtensions on input line 456.

(/usr/local/texlive/2017basic/texmf-dist/tex/latex/latexconfig/epstopdf-sys.cfg
File: epstopdf-sys.cfg 2010/07/13 v1.3 Configuration of (r)epstopdf for TeX Liv
e
))
\c@lstlisting=\count117
LaTeX Font Info:    Try loading font information for U+msa on input line 30.
 (/usr/local/texlive/2017basic/texmf-dist/tex/latex/amsfonts/umsa.fd
File: umsa.fd 2013/01/14 v3.01 AMS symbols A
)
LaTeX Font Info:    Try loading font information for U+msb on input line 30.

(/usr/local/texlive/2017basic/texmf-dist/tex/latex/amsfonts/umsb.fd
File: umsb.fd 2013/01/14 v3.01 AMS symbols B
) (./hw3.toc)
\tf@toc=\write3
\openout3 = `hw3.toc'.

 (./hw3.lof)
\tf@lof=\write4
\openout4 = `hw3.lof'.

 [1

{/usr/local/texlive/2017basic/texmf-var/fonts/map/pdftex/updmap/pdftex.map}]
Underfull \hbox (badness 10000) in paragraph at lines 89--90

 []


Underfull \hbox (badness 10000) in paragraph at lines 101--102

 []

[2]
Overfull \hbox (2.22221pt too wide) in paragraph at lines 113--137
 []
 []


Underfull \hbox (badness 10000) in paragraph at lines 113--137

 []


Underfull \hbox (badness 10000) in paragraph at lines 181--183

 []

[3] [4]
Underfull \hbox (badness 10000) in paragraph at lines 189--193

 []

<../data/ensemble_average.png, id=29, 1119.2214pt x 650.43pt>
File: ../data/ensemble_average.png Graphic file (type png)

<use ../data/ensemble_average.png>
Package pdftex.def Info: ../data/ensemble_average.png used on input line 218.
(pdftex.def)             Requested size: 391.307pt x 187.61476pt.

<../data/mean_subtracted_ex.png, id=31, 1119.2214pt x 650.43pt>
File: ../data/mean_subtracted_ex.png Graphic file (type png)

<use ../data/mean_subtracted_ex.png>
Package pdftex.def Info: ../data/mean_subtracted_ex.png used on input line 249.

(pdftex.def)             Requested size: 391.307pt x 186.69954pt.

<../data/eig_images.png, id=33, 1119.2214pt x 650.43pt>
File: ../data/eig_images.png Graphic file (type png)

<use ../data/eig_images.png>
Package pdftex.def Info: ../data/eig_images.png used on input line 249.
(pdftex.def)             Requested size: 391.307pt x 207.51027pt.

Underfull \hbox (badness 10000) in paragraph at lines 249--249

 []


Underfull \hbox (badness 10000) in paragraph at lines 249--249

 []


Underfull \hbox (badness 10000) in paragraph at lines 249--249

 []


Underfull \hbox (badness 10000) in paragraph at lines 249--249

 []


Underfull \hbox (badness 10000) in paragraph at lines 218--250

 []

[5 <../data/ensemble_average.png (PNG copy)>]
<../data/rank_37_recon.png, id=40, 562.2606pt x 421.575pt>
File: ../data/rank_37_recon.png Graphic file (type png)

<use ../data/rank_37_recon.png>
Package pdftex.def Info: ../data/rank_37_recon.png used on input line 273.
(pdftex.def)             Requested size: 276.21753pt x 158.17953pt.

<../data/rank_67_recon.png, id=42, 562.2606pt x 421.575pt>
File: ../data/rank_67_recon.png Graphic file (type png)

<use ../data/rank_67_recon.png>
Package pdftex.def Info: ../data/rank_67_recon.png used on input line 273.
(pdftex.def)             Requested size: 276.21753pt x 158.17953pt.

<../data/rank_97_recon.png, id=44, 562.2606pt x 421.575pt>
File: ../data/rank_97_recon.png Graphic file (type png)

<use ../data/rank_97_recon.png>
Package pdftex.def Info: ../data/rank_97_recon.png used on input line 273.
(pdftex.def)             Requested size: 276.21753pt x 158.17953pt.

Underfull \hbox (badness 10000) in paragraph at lines 273--274

 []

[6 <../data/mean_subtracted_ex.png (PNG copy)> <../data/eig_images.png (PNG cop
y)>] <../data/eigvals.png, id=51, 562.2606pt x 421.575pt>
File: ../data/eigvals.png Graphic file (type png)

<use ../data/eigvals.png>
Package pdftex.def Info: ../data/eigvals.png used on input line 291.
(pdftex.def)             Requested size: 391.307pt x 273.59409pt.

<../data/approx_errors.png, id=53, 562.2606pt x 421.575pt>
File: ../data/approx_errors.png Graphic file (type png)

<use ../data/approx_errors.png>
Package pdftex.def Info: ../data/approx_errors.png used on input line 291.
(pdftex.def)             Requested size: 391.307pt x 273.59409pt.

Underfull \hbox (badness 10000) in paragraph at lines 291--292

 []

[7 <../data/rank_37_recon.png (PNG copy)> <../data/rank_67_recon.png (PNG copy)
> <../data/rank_97_recon.png (PNG copy)>] [8 <../data/eigvals.png (PNG copy)> <
../data/approx_errors.png (PNG copy)>]
<../data/classify.png, id=67, 295.1025pt x 699.61375pt>
File: ../data/classify.png Graphic file (type png)

<use ../data/classify.png>
Package pdftex.def Info: ../data/classify.png used on input line 304.
(pdftex.def)             Requested size: 207.15964pt x 421.22609pt.

Underfull \hbox (badness 10000) in paragraph at lines 304--304

 []


Underfull \hbox (badness 10000) in paragraph at lines 304--305

 []

[9 <../data/classify.png (PNG copy)>]
LaTeX Font Info:    Try loading font information for OT1+pcr on input line 316.


(/usr/local/texlive/2017basic/texmf-dist/tex/latex/psnfss/ot1pcr.fd
File: ot1pcr.fd 2001/06/04 font definitions for OT1/pcr.
)
(../Kristin_Holmbeck_HW3_Prob3.m) (../classify.m [10])

AED: lastpage setting LastPage
[11] (./hw3.aux) ) 
Here is how much of TeX's memory you used:
 5025 strings out of 494437
 69299 string characters out of 6166644
 371048 words of memory out of 5000000
 8246 multiletter control sequences out of 15000+600000
 18398 words of font info for 68 fonts, out of 8000000 for 9000
 319 hyphenation exceptions out of 8191
 39i,22n,43p,504b,1551s stack positions out of 5000i,500n,10000p,200000b,80000s
{/usr/local/texlive/2017basic/texmf-dist/fonts/enc/dvips/base
/8r.enc}</usr/local/texlive/2017basic/texmf-dist/fonts/type1/public/amsfonts/cm
/cmbx10.pfb></usr/local/texlive/2017basic/texmf-dist/fonts/type1/public/amsfont
s/cm/cmbx12.pfb></usr/local/texlive/2017basic/texmf-dist/fonts/type1/public/ams
fonts/cm/cmcsc10.pfb></usr/local/texlive/2017basic/texmf-dist/fonts/type1/publi
c/amsfonts/cm/cmex10.pfb></usr/local/texlive/2017basic/texmf-dist/fonts/type1/p
ublic/amsfonts/cm/cmmi10.pfb></usr/local/texlive/2017basic/texmf-dist/fonts/typ
e1/public/amsfonts/cm/cmmi7.pfb></usr/local/texlive/2017basic/texmf-dist/fonts/
type1/public/amsfonts/cm/cmmib10.pfb></usr/local/texlive/2017basic/texmf-dist/f
onts/type1/public/amsfonts/cmextra/cmmib7.pfb></usr/local/texlive/2017basic/tex
mf-dist/fonts/type1/public/amsfonts/cm/cmr10.pfb></usr/local/texlive/2017basic/
texmf-dist/fonts/type1/public/amsfonts/cm/cmr5.pfb></usr/local/texlive/2017basi
c/texmf-dist/fonts/type1/public/amsfonts/cm/cmr7.pfb></usr/local/texlive/2017ba
sic/texmf-dist/fonts/type1/public/amsfonts/cm/cmr9.pfb></usr/local/texlive/2017
basic/texmf-dist/fonts/type1/public/amsfonts/cm/cmsy10.pfb></usr/local/texlive/
2017basic/texmf-dist/fonts/type1/public/amsfonts/cm/cmsy7.pfb></usr/local/texli
ve/2017basic/texmf-dist/fonts/type1/public/amsfonts/cm/cmti10.pfb></usr/local/t
exlive/2017basic/texmf-dist/fonts/type1/public/amsfonts/symbols/msbm10.pfb></us
r/local/texlive/2017basic/texmf-dist/fonts/type1/urw/courier/ucrr8a.pfb>
Output written on hw3.pdf (11 pages, 820404 bytes).
PDF statistics:
 136 PDF objects out of 1000 (max. 8388607)
 87 compressed objects within 1 object stream
 0 named destinations out of 1000 (max. 500000)
 100 words of extra memory for PDF output out of 10000 (max. 10000000)

